Using pre-set license
Built from '2020.3/staging' branch; Version is '2020.3.11f1 (99c7afb366b3) revision 10078127'; Using compiler version '192528614'; Build Type 'Release'
OS: 'Windows 10 Pro; OS build 19043.1165; Version 2009; 64bit' Language: 'ja' Physical Memory: 16258 MB
BatchMode: 1, IsHumanControllingUs: 0, StartBugReporterOnCrash: 0, Is64bit: 1, IsPro: 0

 COMMAND LINE ARGUMENTS:
E:\Unity\2020.3.11f1\Editor\Unity.exe
-adb2
-batchMode
-noUpm
-name
AssetImportWorker0
-projectPath
D:/Unity project/Editor_test
-logFile
Logs/AssetImportWorker0.log
-srvPort
58853
Successfully changed project path to: D:/Unity project/Editor_test
D:/Unity project/Editor_test
Using Asset Import Pipeline V2.
Refreshing native plugins compatible for Editor in 29.57 ms, found 2 plugins.
Preloading 0 native plugins for Editor in 0.00 ms.
Initialize engine version: 2020.3.11f1 (99c7afb366b3)
[Subsystems] Discovering subsystems at path E:/Unity/2020.3.11f1/Editor/Data/Resources/UnitySubsystems
[Subsystems] Discovering subsystems at path D:/Unity project/Editor_test/Assets
GfxDevice: creating device client; threaded=0
Direct3D:
    Version:  Direct3D 11.0 [level 11.1]
    Renderer: NVIDIA GeForce RTX 2070 with Max-Q Design (ID=0x1f50)
    Vendor:   
    VRAM:     8031 MB
    Driver:   27.21.14.6280
Initialize mono
Mono path[0] = 'E:/Unity/2020.3.11f1/Editor/Data/Managed'
Mono path[1] = 'E:/Unity/2020.3.11f1/Editor/Data/MonoBleedingEdge/lib/mono/unityjit'
Mono config path = 'E:/Unity/2020.3.11f1/Editor/Data/MonoBleedingEdge/etc'
Using monoOptions --debugger-agent=transport=dt_socket,embedding=1,server=y,suspend=n,address=127.0.0.1:56480
Begin MonoManager ReloadAssembly
Registering precompiled unity dll's ...
Register platform support module: E:/Unity/2020.3.11f1/Editor/Data/PlaybackEngines/WindowsStandaloneSupport/UnityEditor.WindowsStandalone.Extensions.dll
Registered in 0.001144 seconds.
Native extension for WindowsStandalone target not found
Refreshing native plugins compatible for Editor in 26.12 ms, found 2 plugins.
Preloading 0 native plugins for Editor in 0.00 ms.
Mono: successfully reloaded assembly
- Completed reload, in  0.994 seconds
Platform modules already initialized, skipping
Registering precompiled user dll's ...
Registered in 0.004575 seconds.
Begin MonoManager ReloadAssembly
Native extension for WindowsStandalone target not found
Refreshing native plugins compatible for Editor in 0.28 ms, found 2 plugins.
Preloading 0 native plugins for Editor in 0.00 ms.
Mono: successfully reloaded assembly
- Completed reload, in  0.978 seconds
Platform modules already initialized, skipping
========================================================================
Worker process is ready to serve import requests
Launched and connected shader compiler UnityShaderCompiler.exe after 0.17 seconds
Refreshing native plugins compatible for Editor in 0.26 ms, found 2 plugins.
Preloading 0 native plugins for Editor in 0.00 ms.
Unloading 1387 Unused Serialized files (Serialized files now loaded: 0)
System memory in use before: 67.4 MB.
System memory in use after: 67.4 MB.

Unloading 19 unused Assets to reduce memory usage. Loaded Objects now: 1820.
Total: 2.087000 ms (FindLiveObjects: 0.162600 ms CreateObjectMapping: 0.039400 ms MarkObjects: 1.803000 ms  DeleteObjects: 0.080500 ms)

========================================================================
Received Import Request.
  path: Assets/test.cs
  artifactKey: Guid(7ce3453094f628a4181555813dea7ead) Importer(815301076,1909f56bfc062723c751e8b465ee728b)
Start importing Assets/test.cs using Guid(7ce3453094f628a4181555813dea7ead) Importer(815301076,1909f56bfc062723c751e8b465ee728b)  -> (artifact id: 'cae89f9ea6d8468726c7eae5cfd3423e') in 0.072792 seconds
  Import took 0.106852 seconds .

========================================================================
Received Prepare
Registering precompiled user dll's ...
Registered in 0.006280 seconds.
Begin MonoManager ReloadAssembly
Native extension for WindowsStandalone target not found
Refreshing native plugins compatible for Editor in 0.28 ms, found 2 plugins.
Preloading 0 native plugins for Editor in 0.00 ms.
Mono: successfully reloaded assembly
- Completed reload, in  0.866 seconds
Platform modules already initialized, skipping
Refreshing native plugins compatible for Editor in 0.27 ms, found 2 plugins.
Preloading 0 native plugins for Editor in 0.00 ms.
Unloading 1381 Unused Serialized files (Serialized files now loaded: 0)
System memory in use before: 67.3 MB.
System memory in use after: 67.3 MB.

Unloading 15 unused Assets to reduce memory usage. Loaded Objects now: 1822.
Total: 2.107400 ms (FindLiveObjects: 0.123800 ms CreateObjectMapping: 0.036200 ms MarkObjects: 1.897100 ms  DeleteObjects: 0.049300 ms)

========================================================================
Received Import Request.
  Time since last request: 12.456848 seconds.
  path: Assets/test.cs
  artifactKey: Guid(7ce3453094f628a4181555813dea7ead) Importer(815301076,1909f56bfc062723c751e8b465ee728b)
Start importing Assets/test.cs using Guid(7ce3453094f628a4181555813dea7ead) Importer(815301076,1909f56bfc062723c751e8b465ee728b)  -> (artifact id: '4cfb462eff47c0efaf6112f730d843c3') in 0.004052 seconds
  Import took 0.157502 seconds .

========================================================================
Received Prepare
Registering precompiled user dll's ...
Registered in 0.004262 seconds.
Begin MonoManager ReloadAssembly
Native extension for WindowsStandalone target not found
Refreshing native plugins compatible for Editor in 0.30 ms, found 2 plugins.
Preloading 0 native plugins for Editor in 0.00 ms.
Mono: successfully reloaded assembly
- Completed reload, in  1.007 seconds
Platform modules already initialized, skipping
Refreshing native plugins compatible for Editor in 0.66 ms, found 2 plugins.
Preloading 0 native plugins for Editor in 0.00 ms.
Unloading 1382 Unused Serialized files (Serialized files now loaded: 0)
System memory in use before: 67.3 MB.
System memory in use after: 67.4 MB.

Unloading 14 unused Assets to reduce memory usage. Loaded Objects now: 1826.
Total: 2.135100 ms (FindLiveObjects: 0.159200 ms CreateObjectMapping: 0.044700 ms MarkObjects: 1.874100 ms  DeleteObjects: 0.055900 ms)

========================================================================
Received Import Request.
  Time since last request: 263.776319 seconds.
  path: Assets/test.cs
  artifactKey: Guid(7ce3453094f628a4181555813dea7ead) Importer(815301076,1909f56bfc062723c751e8b465ee728b)
Start importing Assets/test.cs using Guid(7ce3453094f628a4181555813dea7ead) Importer(815301076,1909f56bfc062723c751e8b465ee728b)  -> (artifact id: 'f1f53fa121d19198bff056fe09e393ca') in 0.005376 seconds
  Import took 0.047916 seconds .

========================================================================
Received Import Request.
  Time since last request: 30.260685 seconds.
  path: Assets/test.cs
  artifactKey: Guid(7ce3453094f628a4181555813dea7ead) Importer(815301076,1909f56bfc062723c751e8b465ee728b)
Start importing Assets/test.cs using Guid(7ce3453094f628a4181555813dea7ead) Importer(815301076,1909f56bfc062723c751e8b465ee728b)  -> (artifact id: 'cd10ec4a52e1ab88684378b293b49299') in 0.003073 seconds
  Import took 0.038691 seconds .

========================================================================
Received Import Request.
  Time since last request: 20.799287 seconds.
  path: Assets/test.cs
  artifactKey: Guid(7ce3453094f628a4181555813dea7ead) Importer(815301076,1909f56bfc062723c751e8b465ee728b)
Start importing Assets/test.cs using Guid(7ce3453094f628a4181555813dea7ead) Importer(815301076,1909f56bfc062723c751e8b465ee728b)  -> (artifact id: '348266981295ab9cdee422ebd400fe04') in 0.002373 seconds
  Import took 0.004406 seconds .

========================================================================
Received Import Request.
  Time since last request: 0.001808 seconds.
  path: Assets/test.cs
  artifactKey: Guid(7ce3453094f628a4181555813dea7ead) Importer(815301076,1909f56bfc062723c751e8b465ee728b)
Start importing Assets/test.cs using Guid(7ce3453094f628a4181555813dea7ead) Importer(815301076,1909f56bfc062723c751e8b465ee728b)  -> (artifact id: '348266981295ab9cdee422ebd400fe04') in 0.002087 seconds
  Import took 0.062228 seconds .

========================================================================
Received Prepare
Registering precompiled user dll's ...
Registered in 0.004512 seconds.
Begin MonoManager ReloadAssembly
Native extension for WindowsStandalone target not found
Refreshing native plugins compatible for Editor in 0.27 ms, found 2 plugins.
Preloading 0 native plugins for Editor in 0.00 ms.
Mono: successfully reloaded assembly
- Completed reload, in  0.887 seconds
Platform modules already initialized, skipping
Refreshing native plugins compatible for Editor in 0.27 ms, found 2 plugins.
Preloading 0 native plugins for Editor in 0.00 ms.
Unloading 1382 Unused Serialized files (Serialized files now loaded: 0)
System memory in use before: 67.3 MB.
System memory in use after: 67.4 MB.

Unloading 14 unused Assets to reduce memory usage. Loaded Objects now: 1829.
Total: 1.876100 ms (FindLiveObjects: 0.146700 ms CreateObjectMapping: 0.037300 ms MarkObjects: 1.636400 ms  DeleteObjects: 0.054500 ms)

========================================================================
Received Import Request.
  Time since last request: 28.676933 seconds.
  path: Assets/test.cs
  artifactKey: Guid(7ce3453094f628a4181555813dea7ead) Importer(815301076,1909f56bfc062723c751e8b465ee728b)
Start importing Assets/test.cs using Guid(7ce3453094f628a4181555813dea7ead) Importer(815301076,1909f56bfc062723c751e8b465ee728b)  -> (artifact id: 'e2fc2b3885207837eb818446364f8b1a') in 0.005785 seconds
  Import took 0.007884 seconds .

AssetImportWorkerClient::OnTransportError - code=2 error=End of file
